<?xml version="1.0" encoding="UTF-8"?>
<!-- Generated by org.testng.reporters.JUnitReportReporter -->
<testsuite hostname="Emanuels-MacBook-Pro.local" failures="0" tests="5" name="RESTAPITestCases.VerifyStatusOK" time="2.122" errors="0" timestamp="19 Jul 2019 02:51:01 GMT" skipped="0">
  <testcase classname="RESTAPITestCases.VerifyStatusOK" name="updateEmployee" time="0.418"/>
  <testcase classname="RESTAPITestCases.VerifyStatusOK" name="getAllEmployees" time="0.423"/>
  <testcase classname="RESTAPITestCases.VerifyStatusOK" name="deleteEmployee" time="0.419"/>
  <testcase classname="RESTAPITestCases.VerifyStatusOK" name="getEmployee" time="0.415"/>
  <testcase classname="RESTAPITestCases.VerifyStatusOK" name="createEmployee" time="0.447"/>
</testsuite> <!-- RESTAPITestCases.VerifyStatusOK -->
