<?xml version="1.0" encoding="UTF-8"?>
<!-- Generated by org.testng.reporters.JUnitReportReporter -->
<testsuite hostname="Emanuels-MacBook-Pro.local" failures="0" tests="5" name="RESTAPITestCases.VerifyProperResponse" time="4.367" errors="0" timestamp="19 Jul 2019 02:51:01 GMT" skipped="0">
  <testcase classname="RESTAPITestCases.VerifyProperResponse" name="createEmployee" time="2.641"/>
  <testcase classname="RESTAPITestCases.VerifyProperResponse" name="deleteEmployee" time="0.438"/>
  <testcase classname="RESTAPITestCases.VerifyProperResponse" name="getEmployee" time="0.431"/>
  <testcase classname="RESTAPITestCases.VerifyProperResponse" name="updateEmployee" time="0.410"/>
  <testcase classname="RESTAPITestCases.VerifyProperResponse" name="getAllEmployees" time="0.447"/>
</testsuite> <!-- RESTAPITestCases.VerifyProperResponse -->
